<?xml version="1.0" encoding="utf-8"?><testsuites><testsuite errors="0" failures="0" hostname="hanwenlu" name="pytest" skipped="0" tests="2" time="13.464" timestamp="2019-12-18T16:42:06.327098"><testcase classname="test_dir.test_baidu.TestSearch" file="test_dir\test_baidu.py" line="26" name="test_baidu_search_case" time="7.428"></testcase><testcase classname="test_dir.test_baidu.TestSearchSettings" file="test_dir\test_baidu.py" line="47" name="test_baidu_search_setting" time="5.931"></testcase></testsuite></testsuites>