<?xml version="1.0" encoding="utf-8"?><testsuites><testsuite errors="0" failures="0" hostname="hanwenlu" name="pytest" skipped="0" tests="3" time="18.411" timestamp="2019-12-23T16:56:14.838449"><testcase classname="test_dir.test_parametrize" file="test_dir\test_parametrize.py" line="16" name="test_baidu_search[case1]" time="10.210"></testcase><testcase classname="test_dir.test_parametrize" file="test_dir\test_parametrize.py" line="16" name="test_baidu_search[case2]" time="2.993"></testcase><testcase classname="test_dir.test_parametrize" file="test_dir\test_parametrize.py" line="16" name="test_baidu_search[case3]" time="5.081"></testcase></testsuite></testsuites>