<?xml version="1.0" encoding="utf-8"?><testsuites><testsuite errors="0" failures="0" hostname="hanwenlu" name="pytest" skipped="0" tests="2" time="11.635" timestamp="2019-12-23T16:55:02.843996"><testcase classname="test_dir.test_parametrize" file="test_dir\test_parametrize.py" line="47" name="test_baidu_search[1-Selenium]" time="6.783"></testcase><testcase classname="test_dir.test_parametrize" file="test_dir\test_parametrize.py" line="47" name="test_baidu_search[3-poium]" time="4.772"></testcase></testsuite></testsuites>