<?xml version="1.0" encoding="utf-8"?><testsuites><testsuite errors="0" failures="0" hostname="hanwenlu" name="pytest" skipped="0" tests="4" time="20.095" timestamp="2019-12-18T16:20:26.998686"><testcase classname="test_dir.test_baidu.TestSearch" file="test_dir\test_baidu.py" line="26" name="test_baidu_search_case" time="6.892"></testcase><testcase classname="test_dir.test_baidu.TestSearchSettings" file="test_dir\test_baidu.py" line="47" name="test_baidu_search_setting" time="3.041"></testcase><testcase classname="test_dir.test_parametrize" file="test_dir\test_parametrize.py" line="47" name="test_baidu_search[1-Selenium]" time="3.426"></testcase><testcase classname="test_dir.test_parametrize" file="test_dir\test_parametrize.py" line="47" name="test_baidu_search[2-poium]" time="6.604"></testcase></testsuite></testsuites>