<?xml version="1.0" encoding="utf-8"?><testsuites><testsuite errors="0" failures="1" hostname="hanwenlu" name="pytest" skipped="0" tests="2" time="38.761" timestamp="2019-12-18T16:43:02.800510"><testcase classname="test_dir.test_baidu.TestSearch" file="test_dir\test_baidu.py" line="26" name="test_baidu_search_case" time="5.374"></testcase><testcase classname="test_dir.test_baidu.TestSearchSettings" file="test_dir\test_baidu.py" line="47" name="test_baidu_search_setting" time="23.558"><failure message="AssertionError: assert &apos;已经记录下您的使用偏好&apos; == &apos;已经记1录下您的使用偏好&apos;
  - 已经记录下您的使用偏好
  + 已经记1录下您的使用偏好
  ?    +">self = &lt;test_dir.test_baidu.TestSearchSettings object at 0x000002BDD0ABA908&gt;, browser = &lt;selenium.webdriver.chrome.webdriver.WebDriver (session=&quot;f50a47b8d73f18d4fead36853ecc86f1&quot;)&gt;, base_url = &apos;https://www.baidu.com&apos;

    def test_baidu_search_setting(self, browser, base_url):
        &quot;&quot;&quot;
        名称：百度搜索设置
        步骤：
        1、打开百度浏览器
        2、点击设置链接
        3、在下拉框中&quot;选择搜索&quot;
        4、点击&quot;保存设置&quot;
        5、对弹出警告框保存
        检查点：
        * 检查是否弹出提示框
        &quot;&quot;&quot;
        page = BaiduPage(browser)
        page.get(base_url)
        page.settings.click()
        page.search_setting.click()
        sleep(2)
        page.save_setting.click()
    
        alert_text = page.get_alert_text
        page.accept_alert()
&gt;       assert alert_text == &quot;已经记1录下您的使用偏好&quot;
E       AssertionError: assert &apos;已经记录下您的使用偏好&apos; == &apos;已经记1录下您的使用偏好&apos;
E         - 已经记录下您的使用偏好
E         + 已经记1录下您的使用偏好
E         ?    +

test_dir\test_baidu.py:69: AssertionError</failure></testcase></testsuite></testsuites>