<?xml version="1.0" encoding="utf-8"?><testsuites><testsuite errors="0" failures="0" hostname="hanwenlu" name="pytest" skipped="0" tests="3" time="14.021" timestamp="2019-12-19T15:37:01.143155"><testcase classname="test_dir.test_parametrize" file="test_dir\test_parametrize.py" line="16" name="test_baidu_search[case1]" time="6.312"></testcase><testcase classname="test_dir.test_parametrize" file="test_dir\test_parametrize.py" line="16" name="test_baidu_search[case2]" time="2.764"></testcase><testcase classname="test_dir.test_parametrize" file="test_dir\test_parametrize.py" line="16" name="test_baidu_search[case3]" time="4.818"></testcase></testsuite></testsuites>